Ansys Lumerical 2021 R2.1 FDTD Solver Version 8.26.2779 (Windows 64bit)
 expires (month/day/year): 8/2/2022
using config file: Ansys Licensing set with ANSYSLMD_LICENSE_FILE
license host: 1055@license.crc.pitt.edu
current time: Fri Dec 17 15:07:34 2021
Running on host: DESKTOP-A0D0RC9
host available memory (GB): 6.666863
All processes are communicating and ready to proceed to simulation...
Running fsp file: S:\Lumerical\bin\fdtd-engine-msmpi.exe -t 1 -remote C:/Users/ssoor/Documents/GitHub/AntireflectionSimulationsAnnual/Data/Nanocone/TM/NanoconeTM.fsp
number of processors is 12
processors are distributed as: 1x2x6
Running 3D Simulation
Split-field FDTD is activated with propagation along axis 3, center frequency is 3, n=1
Starting meshing
Simulation size in gridpoints: 42 x 22 x 27
Completed meshing!
Meshing complete in 0 seconds of CPU time
0 0
Starting meshing
Simulation size in gridpoints: 42 x 22 x 27
Completed meshing!
Meshing complete in 0 seconds of CPU time
0 0
Starting meshing
Simulation size in gridpoints: 42 x 22 x 27
Completed meshing!
Meshing complete in 0 seconds of CPU time
0 0
finished material properties
Meshing Time: 0.0026197 seconds, Init Electrical Material Time: 0.002378 seconds, Init Magnetic Material Time: 6.61e-05
Using selected optimization level: 2
Selecting 3d kernel for splitFieldDirection=3 and optLevel=2
-----------------------------------------
Beginning initialization of 3D Simulation
Starting to add sources to simulation
Adding 3D Gaussian source propagating in Z
Reverted to narrowband source injection
Using BFAST in the 3d sources! Injection direction: 1, index: 1
Starting to add boundary conditions to simulation
Adding 3D Periodic BC
Adding 3D Periodic BC
Adding 3D Parallel BC
Adding 3D Parallel BC
Adding 3D PML BC
Adding 3D Parallel BC
Starting to add monitors to Simulation
Adding analysis monitor
Adding 3D DFT monitor
Adding 3D DFT monitor
Finished initialization of 3D Simulation
-----------------------------------------
All processes are communicating and ready to proceed to simulation...
Starting 104900 total iterations
0.0457578% complete. Max time remaining: 21 mins, 55 secs. Auto Shutoff: 1
1.08293% complete. Max time remaining: 23 mins, 17 secs. Auto Shutoff: 1
2.12011% complete. Max time remaining: 22 mins, 14 secs. Auto Shutoff: 0.001663
3.2183% complete. Max time remaining: 21 mins, 45 secs. Auto Shutoff: 0.000205338
4.31649% complete. Max time remaining: 21 mins, 23 secs. Auto Shutoff: 0.000102513
5.41467% complete. Max time remaining: 21 mins, 22 secs. Auto Shutoff: 5.98823e-05
6.51286% complete. Max time remaining: 20 mins, 36 secs. Auto Shutoff: 4.04472e-05
7.61105% complete. Max time remaining: 20 mins, 30 secs. Auto Shutoff: 2.76287e-05
8.70923% complete. Max time remaining: 20 mins, 20 secs. Auto Shutoff: 1.94695e-05
9.80742% complete. Max time remaining: 19 mins, 51 secs. Auto Shutoff: 1.41148e-05
10.9056% complete. Max time remaining: 19 mins, 29 secs. Auto Shutoff: 1.03187e-05
100% complete. Max time remaining: 0 mins, 0 secs. Auto Shutoff: 9.62666e-06
Early termination of simulation, the autoshutoff criteria are satisfied.
Completed 11611 iterations, or 1.106862e-13s of Simulation Time
Process 0 starting to collect data
    collecting monitor data
    collecting source data
Reverted to narrowband source injection
Using BFAST in the 3d sources! Injection direction: 1, index: 1
Finished collecting data
Simulation completed successfully at: Fri Dec 17 15:10:03 2021
Overall wall time measurements in seconds: 161.009
    time to mesh and initialize: 0.333828
    time to run FDTD simulation: 145.066
    time to checkpoint simulation: 3e-07
    time to finalize data and save to files: 3.82333
    miscellaneous time: 11.7853
    FDTD solver speed on process 0: 1.99682 Mnodes/s
    total FDTD solver speed on 12 processes: 23.9618 Mnodes/s
