Ansys Lumerical 2021 R2.1 FDTD Solver Version 8.26.2779 (Windows 64bit)
 expires (month/day/year): 8/2/2022
using config file: Ansys Licensing set with ANSYSLMD_LICENSE_FILE
license host: 1055@license.crc.pitt.edu
current time: Fri Dec 17 14:25:33 2021
Running on host: DESKTOP-A0D0RC9
host available memory (GB): 7.419912
All processes are communicating and ready to proceed to simulation...
Running fsp file: S:\Lumerical\bin\fdtd-engine-msmpi.exe -t 1 -remote C:/Users/ssoor/Documents/GitHub/AntireflectionSimulationsAnnual/Data/Nanowire/TM/NanowireTM.fsp
number of processors is 12
processors are distributed as: 2x2x3
Running 3D Simulation
Split-field FDTD is activated with propagation along axis 3, center frequency is 3, n=1
Starting meshing
Simulation size in gridpoints: 21 x 21 x 36
Completed meshing!
Meshing complete in 0 seconds of CPU time
0 0
Starting meshing
Simulation size in gridpoints: 21 x 21 x 36
Completed meshing!
Meshing complete in 0 seconds of CPU time
0 0
Starting meshing
Simulation size in gridpoints: 21 x 21 x 36
Completed meshing!
Meshing complete in 0 seconds of CPU time
0 0
finished material properties
Meshing Time: 0.0111624 seconds, Init Electrical Material Time: 0.0083356 seconds, Init Magnetic Material Time: 5.53e-05
Using selected optimization level: 2
Selecting 3d kernel for splitFieldDirection=3 and optLevel=2
-----------------------------------------
Beginning initialization of 3D Simulation
Starting to add sources to simulation
Adding 3D Gaussian source propagating in Z
Reverted to narrowband source injection
Using BFAST in the 3d sources! Injection direction: 1, index: 1
Starting to add boundary conditions to simulation
Adding 3D Parallel BC
Adding 3D Parallel BC
Adding 3D Parallel BC
Adding 3D Parallel BC
Adding 3D PML BC
Adding 3D Parallel BC
Starting to add monitors to Simulation
Adding analysis monitor
Adding 3D DFT monitor
Adding 3D DFT monitor
Finished initialization of 3D Simulation
-----------------------------------------
All processes are communicating and ready to proceed to simulation...
Starting 104900 total iterations
0.0457578% complete. Max time remaining: 17 mins, 13 secs. Auto Shutoff: 1
1.08293% complete. Max time remaining: 15 mins, 57 secs. Auto Shutoff: 1
2.18112% complete. Max time remaining: 15 mins, 39 secs. Auto Shutoff: 0.00135862
3.27931% complete. Max time remaining: 16 mins, 31 secs. Auto Shutoff: 0.00024313
4.3775% complete. Max time remaining: 16 mins, 30 secs. Auto Shutoff: 0.00011045
5.47568% complete. Max time remaining: 16 mins, 26 secs. Auto Shutoff: 6.85185e-05
6.57387% complete. Max time remaining: 16 mins, 33 secs. Auto Shutoff: 4.98855e-05
7.67206% complete. Max time remaining: 16 mins, 29 secs. Auto Shutoff: 3.57116e-05
8.77024% complete. Max time remaining: 16 mins, 22 secs. Auto Shutoff: 2.50195e-05
9.86843% complete. Max time remaining: 16 mins, 6 secs. Auto Shutoff: 1.86975e-05
10.9666% complete. Max time remaining: 15 mins, 46 secs. Auto Shutoff: 1.39959e-05
12.0648% complete. Max time remaining: 15 mins, 34 secs. Auto Shutoff: 1.02876e-05
100% complete. Max time remaining: 0 mins, 0 secs. Auto Shutoff: 9.71205e-06
Early termination of simulation, the autoshutoff criteria are satisfied.
Completed 12823 iterations, or 1.222400e-13s of Simulation Time
Process 0 starting to collect data
    collecting monitor data
    collecting source data
Reverted to narrowband source injection
Using BFAST in the 3d sources! Injection direction: 1, index: 1
Finished collecting data
Simulation completed successfully at: Fri Dec 17 14:27:46 2021
Overall wall time measurements in seconds: 145.232
    time to mesh and initialize: 0.112271
    time to run FDTD simulation: 129.831
    time to checkpoint simulation: 3e-07
    time to finalize data and save to files: 3.48059
    miscellaneous time: 11.8081
    FDTD solver speed on process 0: 1.56802 Mnodes/s
    total FDTD solver speed on 12 processes: 18.8162 Mnodes/s
