Ansys Lumerical 2021 R2.1 FDTD Solver Version 8.26.2779 (Windows 64bit)
 expires (month/day/year): 8/2/2022
using config file: Ansys Licensing set with ANSYSLMD_LICENSE_FILE
license host: 1055@license.crc.pitt.edu
current time: Fri Sep  3 17:11:21 2021
Running on host: DESKTOP-A0D0RC9
host available memory (GB): 4.746777
All processes are communicating and ready to proceed to simulation...
Running fsp file: S:\Lumerical\bin\fdtd-engine-msmpi.exe -t 1 -remote C:/Users/ssoor/Desktop/FDTD/Better nanocone/TE_new/GlassNCAngularSimulation.fsp
number of processors is 12
processors are distributed as: 1x2x6
Running 3D Simulation
Split-field FDTD is activated with propagation along axis 3, center frequency is 3, n=1
Starting meshing
Simulation size in gridpoints: 42 x 22 x 28
Completed meshing!
Meshing complete in 0 seconds of CPU time
0 0
Starting meshing
Simulation size in gridpoints: 42 x 22 x 28
Completed meshing!
Meshing complete in 0 seconds of CPU time
0 0
Starting meshing
Simulation size in gridpoints: 42 x 22 x 28
Completed meshing!
Meshing complete in 0 seconds of CPU time
0 0
finished material properties
Meshing Time: 0.0028767 seconds, Init Electrical Material Time: 0.0025923 seconds, Init Magnetic Material Time: 7.22e-05
Using selected optimization level: 2
Selecting 3d kernel for splitFieldDirection=3 and optLevel=2
-----------------------------------------
Beginning initialization of 3D Simulation
Starting to add sources to simulation
Adding 3D Gaussian source propagating in Z
Reverted to narrowband source injection
Using BFAST in the 3d sources! Injection direction: 1, index: 1
Starting to add boundary conditions to simulation
Adding 3D Periodic BC
Adding 3D Periodic BC
Adding 3D Parallel BC
Adding 3D Parallel BC
Adding 3D PML BC
Adding 3D Parallel BC
Starting to add monitors to Simulation
Adding analysis monitor
Adding 3D DFT monitor
Adding 3D DFT monitor
Finished initialization of 3D Simulation
-----------------------------------------
All processes are communicating and ready to proceed to simulation...
Starting 1213356 total iterations
0.00395597% complete. Max time remaining: 3 hrs, 44 mins, 12 secs. Auto Shutoff: 1
1.01141% complete. Max time remaining: 3 hrs, 33 mins, 5 secs. Auto Shutoff: 1
2.01359% complete. Max time remaining: 3 hrs, 31 mins, 21 secs. Auto Shutoff: 0.00236887
3.01577% complete. Max time remaining: 3 hrs, 29 mins, 16 secs. Auto Shutoff: 0.000259528
4.01795% complete. Max time remaining: 3 hrs, 28 mins, 28 secs. Auto Shutoff: 8.13562e-05
5.02013% complete. Max time remaining: 3 hrs, 25 mins, 54 secs. Auto Shutoff: 4.12491e-05
6.0223% complete. Max time remaining: 3 hrs, 23 mins, 33 secs. Auto Shutoff: 2.34581e-05
7.02448% complete. Max time remaining: 3 hrs, 21 mins, 43 secs. Auto Shutoff: 1.56549e-05
8.02666% complete. Max time remaining: 3 hrs, 19 mins, 26 secs. Auto Shutoff: 1.15165e-05
100% complete. Max time remaining: 0 mins, 0 secs. Auto Shutoff: 9.99446e-06
Early termination of simulation, the autoshutoff criteria are satisfied.
Completed 102711 iterations, or 8.465033e-14s of Simulation Time
Process 0 starting to collect data
    collecting monitor data
    collecting source data
Reverted to narrowband source injection
Using BFAST in the 3d sources! Injection direction: 1, index: 1
Finished collecting data
Simulation completed successfully at: Fri Sep  3 17:29:46 2021
Overall wall time measurements in seconds: 1117.02
    time to mesh and initialize: 0.355351
    time to run FDTD simulation: 1100.68
    time to checkpoint simulation: 1e-07
    time to finalize data and save to files: 3.85889
    miscellaneous time: 12.1236
    FDTD solver speed on process 0: 2.41426 Mnodes/s
    total FDTD solver speed on 12 processes: 28.9711 Mnodes/s
