Ansys Lumerical 2021 R2.1 FDTD Solver Version 8.26.2779 (Windows 64bit)
 expires (month/day/year): 8/2/2022
using config file: Ansys Licensing set with ANSYSLMD_LICENSE_FILE
license host: 1055@license.crc.pitt.edu
current time: Tue Sep  7 02:26:06 2021
Running on host: DESKTOP-A0D0RC9
host available memory (GB): 4.935152
All processes are communicating and ready to proceed to simulation...
Running fsp file: S:\Lumerical\bin\fdtd-engine-msmpi.exe -t 1 -remote C:/Users/ssoor/Desktop/FDTD/Bare Glass/TE_new/BareGlassTE.fsp
number of processors is 12
processors are distributed as: 2x1x6
Running 3D Simulation
Split-field FDTD is activated with propagation along axis 3, center frequency is 3, n=1
Starting meshing
Simulation size in gridpoints: 9 x 15 x 17
Completed meshing!
Meshing complete in 0 seconds of CPU time
0 0
Starting meshing
Simulation size in gridpoints: 9 x 15 x 17
Completed meshing!
Meshing complete in 0 seconds of CPU time
0 0
Starting meshing
Simulation size in gridpoints: 9 x 15 x 17
Completed meshing!
Meshing complete in 0 seconds of CPU time
0 0
finished material properties
Meshing Time: 0.0005319 seconds, Init Electrical Material Time: 0.0003155 seconds, Init Magnetic Material Time: 1.68e-05
Using selected optimization level: 2
Selecting 3d kernel for splitFieldDirection=3 and optLevel=2
-----------------------------------------
Beginning initialization of 3D Simulation
Starting to add sources to simulation
Adding 3D Gaussian source propagating in Z
Reverted to narrowband source injection
Using BFAST in the 3d sources! Injection direction: 1, index: 1
Starting to add boundary conditions to simulation
Adding 3D Parallel BC
Adding 3D Parallel BC
Adding 3D Anti-Symmetric BC
Adding 3D Anti-Symmetric BC
Adding 3D PML BC
Adding 3D Parallel BC
Starting to add monitors to Simulation
Adding analysis monitor
Adding 3D DFT monitor
Adding 3D DFT monitor
Finished initialization of 3D Simulation
-----------------------------------------
All processes are communicating and ready to proceed to simulation...
Starting 43073981 total iterations
0.000111436% complete. Max time remaining: 25 hrs, 53 mins, 3 secs. Auto Shutoff: 1
0.596072% complete. Max time remaining: 13 hrs, 57 mins, 47 secs. Auto Shutoff: 1
100% complete. Max time remaining: 0 mins, 0 secs. Auto Shutoff: 6.23887e-06
Early termination of simulation, the autoshutoff criteria are satisfied.
Completed 455300 iterations, or 1.057019e-14s of Simulation Time
Process 0 starting to collect data
    collecting monitor data
    collecting source data
Reverted to narrowband source injection
Using BFAST in the 3d sources! Injection direction: 1, index: 1
Finished collecting data
Simulation completed successfully at: Tue Sep  7 02:34:10 2021
Overall wall time measurements in seconds: 496.738
    time to mesh and initialize: 0.0381667
    time to run FDTD simulation: 484.358
    time to checkpoint simulation: 4e-07
    time to finalize data and save to files: 0.559208
    miscellaneous time: 11.783
    FDTD solver speed on process 0: 2.15732 Mnodes/s
    total FDTD solver speed on 12 processes: 25.8878 Mnodes/s
